2017-12-25 05:31:17 Notice: Notice (8): Undefined variable: id in [/home/vagrant/gracia_work/mywork/src/Controller/PostsController.php, line 42]
Request URL: /posts/edit
Client IP: 192.168.33.1
Trace:
Cake\Error\BaseErrorHandler::handleError() - CORE/src/Error/BaseErrorHandler.php, line 153
App\Controller\PostsController::edit() - APP/Controller/PostsController.php, line 42
Cake\Controller\Controller::invokeAction() - CORE/src/Controller/Controller.php, line 440
Cake\Http\ActionDispatcher::_invoke() - CORE/src/Http/ActionDispatcher.php, line 119
Cake\Http\ActionDispatcher::dispatch() - CORE/src/Http/ActionDispatcher.php, line 93
Cake\Http\BaseApplication::__invoke() - CORE/src/Http/BaseApplication.php, line 108
Cake\Http\Runner::__invoke() - CORE/src/Http/Runner.php, line 65
Cake\Routing\Middleware\RoutingMiddleware::__invoke() - CORE/src/Routing/Middleware/RoutingMiddleware.php, line 104
Cake\Http\Runner::__invoke() - CORE/src/Http/Runner.php, line 65
Cake\Routing\Middleware\AssetMiddleware::__invoke() - CORE/src/Routing/Middleware/AssetMiddleware.php, line 88
Cake\Http\Runner::__invoke() - CORE/src/Http/Runner.php, line 65
Cake\Error\Middleware\ErrorHandlerMiddleware::__invoke() - CORE/src/Error/Middleware/ErrorHandlerMiddleware.php, line 98
Cake\Http\Runner::__invoke() - CORE/src/Http/Runner.php, line 65
DebugKit\Middleware\DebugKitMiddleware::__invoke() - ROOT/vendor/cakephp/debug_kit/src/Middleware/DebugKitMiddleware.php, line 52
Cake\Http\Runner::__invoke() - CORE/src/Http/Runner.php, line 65
Cake\Http\Runner::run() - CORE/src/Http/Runner.php, line 51
Cake\Http\Server::run() - CORE/src/Http/Server.php, line 81
[main] - ROOT/webroot/index.php, line 40



2017-12-25 05:39:04 Notice: Notice (8): Undefined variable: id in [/home/vagrant/gracia_work/mywork/src/Controller/PostsController.php, line 42]
Request URL: /posts/edit
Client IP: 192.168.33.1
Trace:
Cake\Error\BaseErrorHandler::handleError() - CORE/src/Error/BaseErrorHandler.php, line 153
App\Controller\PostsController::edit() - APP/Controller/PostsController.php, line 42
Cake\Controller\Controller::invokeAction() - CORE/src/Controller/Controller.php, line 440
Cake\Http\ActionDispatcher::_invoke() - CORE/src/Http/ActionDispatcher.php, line 119
Cake\Http\ActionDispatcher::dispatch() - CORE/src/Http/ActionDispatcher.php, line 93
Cake\Http\BaseApplication::__invoke() - CORE/src/Http/BaseApplication.php, line 108
Cake\Http\Runner::__invoke() - CORE/src/Http/Runner.php, line 65
Cake\Routing\Middleware\RoutingMiddleware::__invoke() - CORE/src/Routing/Middleware/RoutingMiddleware.php, line 104
Cake\Http\Runner::__invoke() - CORE/src/Http/Runner.php, line 65
Cake\Routing\Middleware\AssetMiddleware::__invoke() - CORE/src/Routing/Middleware/AssetMiddleware.php, line 88
Cake\Http\Runner::__invoke() - CORE/src/Http/Runner.php, line 65
Cake\Error\Middleware\ErrorHandlerMiddleware::__invoke() - CORE/src/Error/Middleware/ErrorHandlerMiddleware.php, line 98
Cake\Http\Runner::__invoke() - CORE/src/Http/Runner.php, line 65
DebugKit\Middleware\DebugKitMiddleware::__invoke() - ROOT/vendor/cakephp/debug_kit/src/Middleware/DebugKitMiddleware.php, line 52
Cake\Http\Runner::__invoke() - CORE/src/Http/Runner.php, line 65
Cake\Http\Runner::run() - CORE/src/Http/Runner.php, line 51
Cake\Http\Server::run() - CORE/src/Http/Server.php, line 81
[main] - ROOT/webroot/index.php, line 40



2017-12-25 05:39:37 Notice: Notice (8): Undefined variable: id in [/home/vagrant/gracia_work/mywork/src/Controller/PostsController.php, line 42]
Request URL: /posts/edit
Client IP: 192.168.33.1
Trace:
Cake\Error\BaseErrorHandler::handleError() - CORE/src/Error/BaseErrorHandler.php, line 153
App\Controller\PostsController::edit() - APP/Controller/PostsController.php, line 42
Cake\Controller\Controller::invokeAction() - CORE/src/Controller/Controller.php, line 440
Cake\Http\ActionDispatcher::_invoke() - CORE/src/Http/ActionDispatcher.php, line 119
Cake\Http\ActionDispatcher::dispatch() - CORE/src/Http/ActionDispatcher.php, line 93
Cake\Http\BaseApplication::__invoke() - CORE/src/Http/BaseApplication.php, line 108
Cake\Http\Runner::__invoke() - CORE/src/Http/Runner.php, line 65
Cake\Routing\Middleware\RoutingMiddleware::__invoke() - CORE/src/Routing/Middleware/RoutingMiddleware.php, line 104
Cake\Http\Runner::__invoke() - CORE/src/Http/Runner.php, line 65
Cake\Routing\Middleware\AssetMiddleware::__invoke() - CORE/src/Routing/Middleware/AssetMiddleware.php, line 88
Cake\Http\Runner::__invoke() - CORE/src/Http/Runner.php, line 65
Cake\Error\Middleware\ErrorHandlerMiddleware::__invoke() - CORE/src/Error/Middleware/ErrorHandlerMiddleware.php, line 98
Cake\Http\Runner::__invoke() - CORE/src/Http/Runner.php, line 65
DebugKit\Middleware\DebugKitMiddleware::__invoke() - ROOT/vendor/cakephp/debug_kit/src/Middleware/DebugKitMiddleware.php, line 52
Cake\Http\Runner::__invoke() - CORE/src/Http/Runner.php, line 65
Cake\Http\Runner::run() - CORE/src/Http/Runner.php, line 51
Cake\Http\Server::run() - CORE/src/Http/Server.php, line 81
[main] - ROOT/webroot/index.php, line 40



2017-12-25 05:45:59 Notice: Notice (8): Undefined variable: description in [/home/vagrant/gracia_work/mywork/src/Controller/PostsController.php, line 43]
Request URL: /posts/edit/0
Referer URL: http://192.168.33.10:8000/
Client IP: 192.168.33.1
Trace:
Cake\Error\BaseErrorHandler::handleError() - CORE/src/Error/BaseErrorHandler.php, line 153
App\Controller\PostsController::edit() - APP/Controller/PostsController.php, line 43
Cake\Controller\Controller::invokeAction() - CORE/src/Controller/Controller.php, line 440
Cake\Http\ActionDispatcher::_invoke() - CORE/src/Http/ActionDispatcher.php, line 119
Cake\Http\ActionDispatcher::dispatch() - CORE/src/Http/ActionDispatcher.php, line 93
Cake\Http\BaseApplication::__invoke() - CORE/src/Http/BaseApplication.php, line 108
Cake\Http\Runner::__invoke() - CORE/src/Http/Runner.php, line 65
Cake\Routing\Middleware\RoutingMiddleware::__invoke() - CORE/src/Routing/Middleware/RoutingMiddleware.php, line 104
Cake\Http\Runner::__invoke() - CORE/src/Http/Runner.php, line 65
Cake\Routing\Middleware\AssetMiddleware::__invoke() - CORE/src/Routing/Middleware/AssetMiddleware.php, line 88
Cake\Http\Runner::__invoke() - CORE/src/Http/Runner.php, line 65
Cake\Error\Middleware\ErrorHandlerMiddleware::__invoke() - CORE/src/Error/Middleware/ErrorHandlerMiddleware.php, line 98
Cake\Http\Runner::__invoke() - CORE/src/Http/Runner.php, line 65
DebugKit\Middleware\DebugKitMiddleware::__invoke() - ROOT/vendor/cakephp/debug_kit/src/Middleware/DebugKitMiddleware.php, line 52
Cake\Http\Runner::__invoke() - CORE/src/Http/Runner.php, line 65
Cake\Http\Runner::run() - CORE/src/Http/Runner.php, line 51
Cake\Http\Server::run() - CORE/src/Http/Server.php, line 81
[main] - ROOT/webroot/index.php, line 40



2017-12-25 05:46:57 Notice: Notice (8): Undefined variable: title in [/home/vagrant/gracia_work/mywork/src/Controller/PostsController.php, line 42]
Request URL: /posts/edit/0
Referer URL: http://192.168.33.10:8000/
Client IP: 192.168.33.1
Trace:
Cake\Error\BaseErrorHandler::handleError() - CORE/src/Error/BaseErrorHandler.php, line 153
App\Controller\PostsController::edit() - APP/Controller/PostsController.php, line 42
Cake\Controller\Controller::invokeAction() - CORE/src/Controller/Controller.php, line 440
Cake\Http\ActionDispatcher::_invoke() - CORE/src/Http/ActionDispatcher.php, line 119
Cake\Http\ActionDispatcher::dispatch() - CORE/src/Http/ActionDispatcher.php, line 93
Cake\Http\BaseApplication::__invoke() - CORE/src/Http/BaseApplication.php, line 108
Cake\Http\Runner::__invoke() - CORE/src/Http/Runner.php, line 65
Cake\Routing\Middleware\RoutingMiddleware::__invoke() - CORE/src/Routing/Middleware/RoutingMiddleware.php, line 104
Cake\Http\Runner::__invoke() - CORE/src/Http/Runner.php, line 65
Cake\Routing\Middleware\AssetMiddleware::__invoke() - CORE/src/Routing/Middleware/AssetMiddleware.php, line 88
Cake\Http\Runner::__invoke() - CORE/src/Http/Runner.php, line 65
Cake\Error\Middleware\ErrorHandlerMiddleware::__invoke() - CORE/src/Error/Middleware/ErrorHandlerMiddleware.php, line 98
Cake\Http\Runner::__invoke() - CORE/src/Http/Runner.php, line 65
DebugKit\Middleware\DebugKitMiddleware::__invoke() - ROOT/vendor/cakephp/debug_kit/src/Middleware/DebugKitMiddleware.php, line 52
Cake\Http\Runner::__invoke() - CORE/src/Http/Runner.php, line 65
Cake\Http\Runner::run() - CORE/src/Http/Runner.php, line 51
Cake\Http\Server::run() - CORE/src/Http/Server.php, line 81
[main] - ROOT/webroot/index.php, line 40



2017-12-25 05:47:31 Notice: Notice (8): Undefined variable: primaryKey in [/home/vagrant/gracia_work/mywork/vendor/cakephp/cakephp/src/ORM/Table.php, line 1407]
Request URL: /posts/edit/0
Referer URL: http://192.168.33.10:8000/
Client IP: 192.168.33.1
Trace:
Cake\Error\BaseErrorHandler::handleError() - CORE/src/Error/BaseErrorHandler.php, line 153
Cake\ORM\Table::get() - CORE/src/ORM/Table.php, line 1407
App\Controller\PostsController::edit() - APP/Controller/PostsController.php, line 42
Cake\Controller\Controller::invokeAction() - CORE/src/Controller/Controller.php, line 440
Cake\Http\ActionDispatcher::_invoke() - CORE/src/Http/ActionDispatcher.php, line 119
Cake\Http\ActionDispatcher::dispatch() - CORE/src/Http/ActionDispatcher.php, line 93
Cake\Http\BaseApplication::__invoke() - CORE/src/Http/BaseApplication.php, line 108
Cake\Http\Runner::__invoke() - CORE/src/Http/Runner.php, line 65
Cake\Routing\Middleware\RoutingMiddleware::__invoke() - CORE/src/Routing/Middleware/RoutingMiddleware.php, line 104
Cake\Http\Runner::__invoke() - CORE/src/Http/Runner.php, line 65
Cake\Routing\Middleware\AssetMiddleware::__invoke() - CORE/src/Routing/Middleware/AssetMiddleware.php, line 88
Cake\Http\Runner::__invoke() - CORE/src/Http/Runner.php, line 65
Cake\Error\Middleware\ErrorHandlerMiddleware::__invoke() - CORE/src/Error/Middleware/ErrorHandlerMiddleware.php, line 98
Cake\Http\Runner::__invoke() - CORE/src/Http/Runner.php, line 65
DebugKit\Middleware\DebugKitMiddleware::__invoke() - ROOT/vendor/cakephp/debug_kit/src/Middleware/DebugKitMiddleware.php, line 52
Cake\Http\Runner::__invoke() - CORE/src/Http/Runner.php, line 65
Cake\Http\Runner::run() - CORE/src/Http/Runner.php, line 51
Cake\Http\Server::run() - CORE/src/Http/Server.php, line 81
[main] - ROOT/webroot/index.php, line 40



2017-12-25 05:59:24 Notice: Notice (8): Undefined variable: primaryKey in [/home/vagrant/gracia_work/mywork/vendor/cakephp/cakephp/src/ORM/Table.php, line 1407]
Request URL: /posts/edit/0
Referer URL: http://192.168.33.10:8000/
Client IP: 192.168.33.1
Trace:
Cake\Error\BaseErrorHandler::handleError() - CORE/src/Error/BaseErrorHandler.php, line 153
Cake\ORM\Table::get() - CORE/src/ORM/Table.php, line 1407
App\Controller\PostsController::edit() - APP/Controller/PostsController.php, line 40
Cake\Controller\Controller::invokeAction() - CORE/src/Controller/Controller.php, line 440
Cake\Http\ActionDispatcher::_invoke() - CORE/src/Http/ActionDispatcher.php, line 119
Cake\Http\ActionDispatcher::dispatch() - CORE/src/Http/ActionDispatcher.php, line 93
Cake\Http\BaseApplication::__invoke() - CORE/src/Http/BaseApplication.php, line 108
Cake\Http\Runner::__invoke() - CORE/src/Http/Runner.php, line 65
Cake\Routing\Middleware\RoutingMiddleware::__invoke() - CORE/src/Routing/Middleware/RoutingMiddleware.php, line 104
Cake\Http\Runner::__invoke() - CORE/src/Http/Runner.php, line 65
Cake\Routing\Middleware\AssetMiddleware::__invoke() - CORE/src/Routing/Middleware/AssetMiddleware.php, line 88
Cake\Http\Runner::__invoke() - CORE/src/Http/Runner.php, line 65
Cake\Error\Middleware\ErrorHandlerMiddleware::__invoke() - CORE/src/Error/Middleware/ErrorHandlerMiddleware.php, line 98
Cake\Http\Runner::__invoke() - CORE/src/Http/Runner.php, line 65
DebugKit\Middleware\DebugKitMiddleware::__invoke() - ROOT/vendor/cakephp/debug_kit/src/Middleware/DebugKitMiddleware.php, line 52
Cake\Http\Runner::__invoke() - CORE/src/Http/Runner.php, line 65
Cake\Http\Runner::run() - CORE/src/Http/Runner.php, line 51
Cake\Http\Server::run() - CORE/src/Http/Server.php, line 81
[main] - ROOT/webroot/index.php, line 40



2017-12-25 06:02:48 Notice: Notice (8): Undefined variable: primaryKey in [/home/vagrant/gracia_work/mywork/vendor/cakephp/cakephp/src/ORM/Table.php, line 1407]
Request URL: /posts/edit/0
Referer URL: http://192.168.33.10:8000/
Client IP: 192.168.33.1
Trace:
Cake\Error\BaseErrorHandler::handleError() - CORE/src/Error/BaseErrorHandler.php, line 153
Cake\ORM\Table::get() - CORE/src/ORM/Table.php, line 1407
App\Controller\PostsController::edit() - APP/Controller/PostsController.php, line 40
Cake\Controller\Controller::invokeAction() - CORE/src/Controller/Controller.php, line 440
Cake\Http\ActionDispatcher::_invoke() - CORE/src/Http/ActionDispatcher.php, line 119
Cake\Http\ActionDispatcher::dispatch() - CORE/src/Http/ActionDispatcher.php, line 93
Cake\Http\BaseApplication::__invoke() - CORE/src/Http/BaseApplication.php, line 108
Cake\Http\Runner::__invoke() - CORE/src/Http/Runner.php, line 65
Cake\Routing\Middleware\RoutingMiddleware::__invoke() - CORE/src/Routing/Middleware/RoutingMiddleware.php, line 104
Cake\Http\Runner::__invoke() - CORE/src/Http/Runner.php, line 65
Cake\Routing\Middleware\AssetMiddleware::__invoke() - CORE/src/Routing/Middleware/AssetMiddleware.php, line 88
Cake\Http\Runner::__invoke() - CORE/src/Http/Runner.php, line 65
Cake\Error\Middleware\ErrorHandlerMiddleware::__invoke() - CORE/src/Error/Middleware/ErrorHandlerMiddleware.php, line 98
Cake\Http\Runner::__invoke() - CORE/src/Http/Runner.php, line 65
DebugKit\Middleware\DebugKitMiddleware::__invoke() - ROOT/vendor/cakephp/debug_kit/src/Middleware/DebugKitMiddleware.php, line 52
Cake\Http\Runner::__invoke() - CORE/src/Http/Runner.php, line 65
Cake\Http\Runner::run() - CORE/src/Http/Runner.php, line 51
Cake\Http\Server::run() - CORE/src/Http/Server.php, line 81
[main] - ROOT/webroot/index.php, line 40



2017-12-25 06:15:51 Notice: Notice (8): Undefined variable: primaryKey in [/home/vagrant/gracia_work/mywork/vendor/cakephp/cakephp/src/ORM/Table.php, line 1407]
Request URL: /posts/edit/10
Referer URL: http://192.168.33.10:8000/
Client IP: 192.168.33.1
Trace:
Cake\Error\BaseErrorHandler::handleError() - CORE/src/Error/BaseErrorHandler.php, line 153
Cake\ORM\Table::get() - CORE/src/ORM/Table.php, line 1407
App\Controller\PostsController::edit() - APP/Controller/PostsController.php, line 40
Cake\Controller\Controller::invokeAction() - CORE/src/Controller/Controller.php, line 440
Cake\Http\ActionDispatcher::_invoke() - CORE/src/Http/ActionDispatcher.php, line 119
Cake\Http\ActionDispatcher::dispatch() - CORE/src/Http/ActionDispatcher.php, line 93
Cake\Http\BaseApplication::__invoke() - CORE/src/Http/BaseApplication.php, line 108
Cake\Http\Runner::__invoke() - CORE/src/Http/Runner.php, line 65
Cake\Routing\Middleware\RoutingMiddleware::__invoke() - CORE/src/Routing/Middleware/RoutingMiddleware.php, line 104
Cake\Http\Runner::__invoke() - CORE/src/Http/Runner.php, line 65
Cake\Routing\Middleware\AssetMiddleware::__invoke() - CORE/src/Routing/Middleware/AssetMiddleware.php, line 88
Cake\Http\Runner::__invoke() - CORE/src/Http/Runner.php, line 65
Cake\Error\Middleware\ErrorHandlerMiddleware::__invoke() - CORE/src/Error/Middleware/ErrorHandlerMiddleware.php, line 98
Cake\Http\Runner::__invoke() - CORE/src/Http/Runner.php, line 65
DebugKit\Middleware\DebugKitMiddleware::__invoke() - ROOT/vendor/cakephp/debug_kit/src/Middleware/DebugKitMiddleware.php, line 52
Cake\Http\Runner::__invoke() - CORE/src/Http/Runner.php, line 65
Cake\Http\Runner::run() - CORE/src/Http/Runner.php, line 51
Cake\Http\Server::run() - CORE/src/Http/Server.php, line 81
[main] - ROOT/webroot/index.php, line 40



2017-12-25 06:15:56 Notice: Notice (8): Undefined variable: primaryKey in [/home/vagrant/gracia_work/mywork/vendor/cakephp/cakephp/src/ORM/Table.php, line 1407]
Request URL: /posts/edit/9
Referer URL: http://192.168.33.10:8000/
Client IP: 192.168.33.1
Trace:
Cake\Error\BaseErrorHandler::handleError() - CORE/src/Error/BaseErrorHandler.php, line 153
Cake\ORM\Table::get() - CORE/src/ORM/Table.php, line 1407
App\Controller\PostsController::edit() - APP/Controller/PostsController.php, line 40
Cake\Controller\Controller::invokeAction() - CORE/src/Controller/Controller.php, line 440
Cake\Http\ActionDispatcher::_invoke() - CORE/src/Http/ActionDispatcher.php, line 119
Cake\Http\ActionDispatcher::dispatch() - CORE/src/Http/ActionDispatcher.php, line 93
Cake\Http\BaseApplication::__invoke() - CORE/src/Http/BaseApplication.php, line 108
Cake\Http\Runner::__invoke() - CORE/src/Http/Runner.php, line 65
Cake\Routing\Middleware\RoutingMiddleware::__invoke() - CORE/src/Routing/Middleware/RoutingMiddleware.php, line 104
Cake\Http\Runner::__invoke() - CORE/src/Http/Runner.php, line 65
Cake\Routing\Middleware\AssetMiddleware::__invoke() - CORE/src/Routing/Middleware/AssetMiddleware.php, line 88
Cake\Http\Runner::__invoke() - CORE/src/Http/Runner.php, line 65
Cake\Error\Middleware\ErrorHandlerMiddleware::__invoke() - CORE/src/Error/Middleware/ErrorHandlerMiddleware.php, line 98
Cake\Http\Runner::__invoke() - CORE/src/Http/Runner.php, line 65
DebugKit\Middleware\DebugKitMiddleware::__invoke() - ROOT/vendor/cakephp/debug_kit/src/Middleware/DebugKitMiddleware.php, line 52
Cake\Http\Runner::__invoke() - CORE/src/Http/Runner.php, line 65
Cake\Http\Runner::run() - CORE/src/Http/Runner.php, line 51
Cake\Http\Server::run() - CORE/src/Http/Server.php, line 81
[main] - ROOT/webroot/index.php, line 40



2017-12-25 06:16:33 Notice: Notice (8): Undefined variable: primaryKey in [/home/vagrant/gracia_work/mywork/vendor/cakephp/cakephp/src/ORM/Table.php, line 1407]
Request URL: /posts/edit/0
Referer URL: http://192.168.33.10:8000/
Client IP: 192.168.33.1
Trace:
Cake\Error\BaseErrorHandler::handleError() - CORE/src/Error/BaseErrorHandler.php, line 153
Cake\ORM\Table::get() - CORE/src/ORM/Table.php, line 1407
App\Controller\PostsController::edit() - APP/Controller/PostsController.php, line 40
Cake\Controller\Controller::invokeAction() - CORE/src/Controller/Controller.php, line 440
Cake\Http\ActionDispatcher::_invoke() - CORE/src/Http/ActionDispatcher.php, line 119
Cake\Http\ActionDispatcher::dispatch() - CORE/src/Http/ActionDispatcher.php, line 93
Cake\Http\BaseApplication::__invoke() - CORE/src/Http/BaseApplication.php, line 108
Cake\Http\Runner::__invoke() - CORE/src/Http/Runner.php, line 65
Cake\Routing\Middleware\RoutingMiddleware::__invoke() - CORE/src/Routing/Middleware/RoutingMiddleware.php, line 104
Cake\Http\Runner::__invoke() - CORE/src/Http/Runner.php, line 65
Cake\Routing\Middleware\AssetMiddleware::__invoke() - CORE/src/Routing/Middleware/AssetMiddleware.php, line 88
Cake\Http\Runner::__invoke() - CORE/src/Http/Runner.php, line 65
Cake\Error\Middleware\ErrorHandlerMiddleware::__invoke() - CORE/src/Error/Middleware/ErrorHandlerMiddleware.php, line 98
Cake\Http\Runner::__invoke() - CORE/src/Http/Runner.php, line 65
DebugKit\Middleware\DebugKitMiddleware::__invoke() - ROOT/vendor/cakephp/debug_kit/src/Middleware/DebugKitMiddleware.php, line 52
Cake\Http\Runner::__invoke() - CORE/src/Http/Runner.php, line 65
Cake\Http\Runner::run() - CORE/src/Http/Runner.php, line 51
Cake\Http\Server::run() - CORE/src/Http/Server.php, line 81
[main] - ROOT/webroot/index.php, line 40



2017-12-31 05:16:27 Notice: Notice (8): Undefined index: atomic in [/home/vagrant/gracia_work/mywork/vendor/cakephp/cakephp/src/ORM/Table.php, line 1733]
Request URL: /posts/edit/1
Referer URL: http://192.168.33.10:8000/posts/edit/1
Client IP: 192.168.33.1
Trace:
Cake\Error\BaseErrorHandler::handleError() - CORE/src/Error/BaseErrorHandler.php, line 153
Cake\ORM\Table::save() - CORE/src/ORM/Table.php, line 1733
DebugKit\ToolbarService::saveData() - ROOT/vendor/cakephp/debug_kit/src/ToolbarService.php, line 205
DebugKit\Middleware\DebugKitMiddleware::__invoke() - ROOT/vendor/cakephp/debug_kit/src/Middleware/DebugKitMiddleware.php, line 53
Cake\Http\Runner::__invoke() - CORE/src/Http/Runner.php, line 65
Cake\Http\Runner::run() - CORE/src/Http/Runner.php, line 51
Cake\Http\Server::run() - CORE/src/Http/Server.php, line 81
[main] - ROOT/webroot/index.php, line 40



2017-12-31 05:16:27 Notice: Notice (8): Undefined index: checkExisting in [/home/vagrant/gracia_work/mywork/vendor/cakephp/cakephp/src/ORM/Table.php, line 1783]
Request URL: /posts/edit/1
Referer URL: http://192.168.33.10:8000/posts/edit/1
Client IP: 192.168.33.1
Trace:
Cake\Error\BaseErrorHandler::handleError() - CORE/src/Error/BaseErrorHandler.php, line 153
Cake\ORM\Table::_processSave() - CORE/src/ORM/Table.php, line 1783
Cake\ORM\Table::Cake\ORM\{closure}() - CORE/src/ORM/Table.php, line 1732
Cake\ORM\Table::_executeTransaction() - CORE/src/ORM/Table.php, line 1459
Cake\ORM\Table::save() - CORE/src/ORM/Table.php, line 1733
DebugKit\ToolbarService::saveData() - ROOT/vendor/cakephp/debug_kit/src/ToolbarService.php, line 205
DebugKit\Middleware\DebugKitMiddleware::__invoke() - ROOT/vendor/cakephp/debug_kit/src/Middleware/DebugKitMiddleware.php, line 53
Cake\Http\Runner::__invoke() - CORE/src/Http/Runner.php, line 65
Cake\Http\Runner::run() - CORE/src/Http/Runner.php, line 51
Cake\Http\Server::run() - CORE/src/Http/Server.php, line 81
[main] - ROOT/webroot/index.php, line 40



2017-12-31 05:16:27 Notice: Notice (8): Undefined index: checkRules in [/home/vagrant/gracia_work/mywork/vendor/cakephp/cakephp/src/ORM/Table.php, line 1793]
Request URL: /posts/edit/1
Referer URL: http://192.168.33.10:8000/posts/edit/1
Client IP: 192.168.33.1
Trace:
Cake\Error\BaseErrorHandler::handleError() - CORE/src/Error/BaseErrorHandler.php, line 153
Cake\ORM\Table::_processSave() - CORE/src/ORM/Table.php, line 1793
Cake\ORM\Table::Cake\ORM\{closure}() - CORE/src/ORM/Table.php, line 1732
Cake\ORM\Table::_executeTransaction() - CORE/src/ORM/Table.php, line 1459
Cake\ORM\Table::save() - CORE/src/ORM/Table.php, line 1733
DebugKit\ToolbarService::saveData() - ROOT/vendor/cakephp/debug_kit/src/ToolbarService.php, line 205
DebugKit\Middleware\DebugKitMiddleware::__invoke() - ROOT/vendor/cakephp/debug_kit/src/Middleware/DebugKitMiddleware.php, line 53
Cake\Http\Runner::__invoke() - CORE/src/Http/Runner.php, line 65
Cake\Http\Runner::run() - CORE/src/Http/Runner.php, line 51
Cake\Http\Server::run() - CORE/src/Http/Server.php, line 81
[main] - ROOT/webroot/index.php, line 40



2017-12-31 05:16:27 Notice: Notice (8): Undefined index: associated in [/home/vagrant/gracia_work/mywork/vendor/cakephp/cakephp/src/ORM/Table.php, line 1797]
Request URL: /posts/edit/1
Referer URL: http://192.168.33.10:8000/posts/edit/1
Client IP: 192.168.33.1
Trace:
Cake\Error\BaseErrorHandler::handleError() - CORE/src/Error/BaseErrorHandler.php, line 153
Cake\ORM\Table::_processSave() - CORE/src/ORM/Table.php, line 1797
Cake\ORM\Table::Cake\ORM\{closure}() - CORE/src/ORM/Table.php, line 1732
Cake\ORM\Table::_executeTransaction() - CORE/src/ORM/Table.php, line 1459
Cake\ORM\Table::save() - CORE/src/ORM/Table.php, line 1733
DebugKit\ToolbarService::saveData() - ROOT/vendor/cakephp/debug_kit/src/ToolbarService.php, line 205
DebugKit\Middleware\DebugKitMiddleware::__invoke() - ROOT/vendor/cakephp/debug_kit/src/Middleware/DebugKitMiddleware.php, line 53
Cake\Http\Runner::__invoke() - CORE/src/Http/Runner.php, line 65
Cake\Http\Runner::run() - CORE/src/Http/Runner.php, line 51
Cake\Http\Server::run() - CORE/src/Http/Server.php, line 81
[main] - ROOT/webroot/index.php, line 40



2017-12-31 08:12:46 Notice: Notice (8): Use of undefined constant ‘price’ - assumed '‘price’' in [/home/vagrant/gracia_work/mywork/src/Template/Posts/add.ctp, line 14]
Request URL: /posts/add
Referer URL: http://192.168.33.10:8000/
Client IP: 192.168.33.1
Trace:
Cake\Error\BaseErrorHandler::handleError() - CORE/src/Error/BaseErrorHandler.php, line 153
include - APP/Template/Posts/add.ctp, line 14
Cake\View\View::_evaluate() - CORE/src/View/View.php, line 1196
Cake\View\View::_render() - CORE/src/View/View.php, line 1157
Cake\View\View::render() - CORE/src/View/View.php, line 765
Cake\Controller\Controller::render() - CORE/src/Controller/Controller.php, line 623
Cake\Http\ActionDispatcher::_invoke() - CORE/src/Http/ActionDispatcher.php, line 125
Cake\Http\ActionDispatcher::dispatch() - CORE/src/Http/ActionDispatcher.php, line 93
Cake\Http\BaseApplication::__invoke() - CORE/src/Http/BaseApplication.php, line 108
Cake\Http\Runner::__invoke() - CORE/src/Http/Runner.php, line 65
Cake\Routing\Middleware\RoutingMiddleware::__invoke() - CORE/src/Routing/Middleware/RoutingMiddleware.php, line 104
Cake\Http\Runner::__invoke() - CORE/src/Http/Runner.php, line 65
Cake\Routing\Middleware\AssetMiddleware::__invoke() - CORE/src/Routing/Middleware/AssetMiddleware.php, line 88
Cake\Http\Runner::__invoke() - CORE/src/Http/Runner.php, line 65
Cake\Error\Middleware\ErrorHandlerMiddleware::__invoke() - CORE/src/Error/Middleware/ErrorHandlerMiddleware.php, line 98
Cake\Http\Runner::__invoke() - CORE/src/Http/Runner.php, line 65
DebugKit\Middleware\DebugKitMiddleware::__invoke() - ROOT/vendor/cakephp/debug_kit/src/Middleware/DebugKitMiddleware.php, line 52
Cake\Http\Runner::__invoke() - CORE/src/Http/Runner.php, line 65
Cake\Http\Runner::run() - CORE/src/Http/Runner.php, line 51
Cake\Http\Server::run() - CORE/src/Http/Server.php, line 81
[main] - ROOT/webroot/index.php, line 40



2017-12-31 08:12:46 Notice: Notice (8): Use of undefined constant “type” - assumed '“type”' in [/home/vagrant/gracia_work/mywork/src/Template/Posts/add.ctp, line 14]
Request URL: /posts/add
Referer URL: http://192.168.33.10:8000/
Client IP: 192.168.33.1
Trace:
Cake\Error\BaseErrorHandler::handleError() - CORE/src/Error/BaseErrorHandler.php, line 153
include - APP/Template/Posts/add.ctp, line 14
Cake\View\View::_evaluate() - CORE/src/View/View.php, line 1196
Cake\View\View::_render() - CORE/src/View/View.php, line 1157
Cake\View\View::render() - CORE/src/View/View.php, line 765
Cake\Controller\Controller::render() - CORE/src/Controller/Controller.php, line 623
Cake\Http\ActionDispatcher::_invoke() - CORE/src/Http/ActionDispatcher.php, line 125
Cake\Http\ActionDispatcher::dispatch() - CORE/src/Http/ActionDispatcher.php, line 93
Cake\Http\BaseApplication::__invoke() - CORE/src/Http/BaseApplication.php, line 108
Cake\Http\Runner::__invoke() - CORE/src/Http/Runner.php, line 65
Cake\Routing\Middleware\RoutingMiddleware::__invoke() - CORE/src/Routing/Middleware/RoutingMiddleware.php, line 104
Cake\Http\Runner::__invoke() - CORE/src/Http/Runner.php, line 65
Cake\Routing\Middleware\AssetMiddleware::__invoke() - CORE/src/Routing/Middleware/AssetMiddleware.php, line 88
Cake\Http\Runner::__invoke() - CORE/src/Http/Runner.php, line 65
Cake\Error\Middleware\ErrorHandlerMiddleware::__invoke() - CORE/src/Error/Middleware/ErrorHandlerMiddleware.php, line 98
Cake\Http\Runner::__invoke() - CORE/src/Http/Runner.php, line 65
DebugKit\Middleware\DebugKitMiddleware::__invoke() - ROOT/vendor/cakephp/debug_kit/src/Middleware/DebugKitMiddleware.php, line 52
Cake\Http\Runner::__invoke() - CORE/src/Http/Runner.php, line 65
Cake\Http\Runner::run() - CORE/src/Http/Runner.php, line 51
Cake\Http\Server::run() - CORE/src/Http/Server.php, line 81
[main] - ROOT/webroot/index.php, line 40



2017-12-31 08:12:46 Notice: Notice (8): Use of undefined constant “number” - assumed '“number”' in [/home/vagrant/gracia_work/mywork/src/Template/Posts/add.ctp, line 14]
Request URL: /posts/add
Referer URL: http://192.168.33.10:8000/
Client IP: 192.168.33.1
Trace:
Cake\Error\BaseErrorHandler::handleError() - CORE/src/Error/BaseErrorHandler.php, line 153
include - APP/Template/Posts/add.ctp, line 14
Cake\View\View::_evaluate() - CORE/src/View/View.php, line 1196
Cake\View\View::_render() - CORE/src/View/View.php, line 1157
Cake\View\View::render() - CORE/src/View/View.php, line 765
Cake\Controller\Controller::render() - CORE/src/Controller/Controller.php, line 623
Cake\Http\ActionDispatcher::_invoke() - CORE/src/Http/ActionDispatcher.php, line 125
Cake\Http\ActionDispatcher::dispatch() - CORE/src/Http/ActionDispatcher.php, line 93
Cake\Http\BaseApplication::__invoke() - CORE/src/Http/BaseApplication.php, line 108
Cake\Http\Runner::__invoke() - CORE/src/Http/Runner.php, line 65
Cake\Routing\Middleware\RoutingMiddleware::__invoke() - CORE/src/Routing/Middleware/RoutingMiddleware.php, line 104
Cake\Http\Runner::__invoke() - CORE/src/Http/Runner.php, line 65
Cake\Routing\Middleware\AssetMiddleware::__invoke() - CORE/src/Routing/Middleware/AssetMiddleware.php, line 88
Cake\Http\Runner::__invoke() - CORE/src/Http/Runner.php, line 65
Cake\Error\Middleware\ErrorHandlerMiddleware::__invoke() - CORE/src/Error/Middleware/ErrorHandlerMiddleware.php, line 98
Cake\Http\Runner::__invoke() - CORE/src/Http/Runner.php, line 65
DebugKit\Middleware\DebugKitMiddleware::__invoke() - ROOT/vendor/cakephp/debug_kit/src/Middleware/DebugKitMiddleware.php, line 52
Cake\Http\Runner::__invoke() - CORE/src/Http/Runner.php, line 65
Cake\Http\Runner::run() - CORE/src/Http/Runner.php, line 51
Cake\Http\Server::run() - CORE/src/Http/Server.php, line 81
[main] - ROOT/webroot/index.php, line 40



2017-12-31 08:14:50 Notice: Notice (8): Use of undefined constant type - assumed 'type' in [/home/vagrant/gracia_work/mywork/src/Template/Posts/add.ctp, line 14]
Request URL: /posts/add
Referer URL: http://192.168.33.10:8000/
Client IP: 192.168.33.1
Trace:
Cake\Error\BaseErrorHandler::handleError() - CORE/src/Error/BaseErrorHandler.php, line 153
include - APP/Template/Posts/add.ctp, line 14
Cake\View\View::_evaluate() - CORE/src/View/View.php, line 1196
Cake\View\View::_render() - CORE/src/View/View.php, line 1157
Cake\View\View::render() - CORE/src/View/View.php, line 765
Cake\Controller\Controller::render() - CORE/src/Controller/Controller.php, line 623
Cake\Http\ActionDispatcher::_invoke() - CORE/src/Http/ActionDispatcher.php, line 125
Cake\Http\ActionDispatcher::dispatch() - CORE/src/Http/ActionDispatcher.php, line 93
Cake\Http\BaseApplication::__invoke() - CORE/src/Http/BaseApplication.php, line 108
Cake\Http\Runner::__invoke() - CORE/src/Http/Runner.php, line 65
Cake\Routing\Middleware\RoutingMiddleware::__invoke() - CORE/src/Routing/Middleware/RoutingMiddleware.php, line 104
Cake\Http\Runner::__invoke() - CORE/src/Http/Runner.php, line 65
Cake\Routing\Middleware\AssetMiddleware::__invoke() - CORE/src/Routing/Middleware/AssetMiddleware.php, line 88
Cake\Http\Runner::__invoke() - CORE/src/Http/Runner.php, line 65
Cake\Error\Middleware\ErrorHandlerMiddleware::__invoke() - CORE/src/Error/Middleware/ErrorHandlerMiddleware.php, line 98
Cake\Http\Runner::__invoke() - CORE/src/Http/Runner.php, line 65
DebugKit\Middleware\DebugKitMiddleware::__invoke() - ROOT/vendor/cakephp/debug_kit/src/Middleware/DebugKitMiddleware.php, line 52
Cake\Http\Runner::__invoke() - CORE/src/Http/Runner.php, line 65
Cake\Http\Runner::run() - CORE/src/Http/Runner.php, line 51
Cake\Http\Server::run() - CORE/src/Http/Server.php, line 81
[main] - ROOT/webroot/index.php, line 40



2017-12-31 08:14:50 Notice: Notice (8): Use of undefined constant number - assumed 'number' in [/home/vagrant/gracia_work/mywork/src/Template/Posts/add.ctp, line 14]
Request URL: /posts/add
Referer URL: http://192.168.33.10:8000/
Client IP: 192.168.33.1
Trace:
Cake\Error\BaseErrorHandler::handleError() - CORE/src/Error/BaseErrorHandler.php, line 153
include - APP/Template/Posts/add.ctp, line 14
Cake\View\View::_evaluate() - CORE/src/View/View.php, line 1196
Cake\View\View::_render() - CORE/src/View/View.php, line 1157
Cake\View\View::render() - CORE/src/View/View.php, line 765
Cake\Controller\Controller::render() - CORE/src/Controller/Controller.php, line 623
Cake\Http\ActionDispatcher::_invoke() - CORE/src/Http/ActionDispatcher.php, line 125
Cake\Http\ActionDispatcher::dispatch() - CORE/src/Http/ActionDispatcher.php, line 93
Cake\Http\BaseApplication::__invoke() - CORE/src/Http/BaseApplication.php, line 108
Cake\Http\Runner::__invoke() - CORE/src/Http/Runner.php, line 65
Cake\Routing\Middleware\RoutingMiddleware::__invoke() - CORE/src/Routing/Middleware/RoutingMiddleware.php, line 104
Cake\Http\Runner::__invoke() - CORE/src/Http/Runner.php, line 65
Cake\Routing\Middleware\AssetMiddleware::__invoke() - CORE/src/Routing/Middleware/AssetMiddleware.php, line 88
Cake\Http\Runner::__invoke() - CORE/src/Http/Runner.php, line 65
Cake\Error\Middleware\ErrorHandlerMiddleware::__invoke() - CORE/src/Error/Middleware/ErrorHandlerMiddleware.php, line 98
Cake\Http\Runner::__invoke() - CORE/src/Http/Runner.php, line 65
DebugKit\Middleware\DebugKitMiddleware::__invoke() - ROOT/vendor/cakephp/debug_kit/src/Middleware/DebugKitMiddleware.php, line 52
Cake\Http\Runner::__invoke() - CORE/src/Http/Runner.php, line 65
Cake\Http\Runner::run() - CORE/src/Http/Runner.php, line 51
Cake\Http\Server::run() - CORE/src/Http/Server.php, line 81
[main] - ROOT/webroot/index.php, line 40



